<?xml version="1.0" encoding="UTF-8"?>
<testsuite xmlns:xsi="http://www.w3.org/2001/XMLSchema-instance" xsi:noNamespaceSchemaLocation="https://maven.apache.org/surefire/maven-surefire-plugin/xsd/surefire-test-report-3.0.xsd" version="3.0" name="com.quant.making.audit.AuditServiceTest" time="1.113" tests="10" errors="0" skipped="0" failures="0">
  <properties>
[...]
</properties>
  <testcase name="testLogEvent" classname="com.quant.making.audit.AuditServiceTest" time="0.006">
    <system-out><![CDATA[2026-02-05T08:42:50.513+08:00  INFO 24081 --- [quant-making-system] [           main] t.c.s.AnnotationConfigContextLoaderUtils : Could not detect default configuration classes for test class [com.quant.making.audit.AuditServiceTest]: AuditServiceTest does not declare any static, non-private, non-final, nested classes annotated with @Configuration.
2026-02-05T08:42:50.514+08:00  INFO 24081 --- [quant-making-system] [           main] .b.t.c.SpringBootTestContextBootstrapper : Found @SpringBootConfiguration com.quant.making.MakingSystemApplication for test class com.quant.making.audit.AuditServiceTest

  .   ____          _            __ _ _
 /\\ / ___'_ __ _ _(_)_ __  __ _ \ \ \ \
( ( )\___ | '_ | '_| | '_ \/ _` | \ \ \ \
 \\/  ___)| |_)| | | | | || (_| |  ) ) ) )
  '  |____| .__|_| |_|_| |_\__, | / / / /
 =========|_|==============|___/=/_/_/_/
 :: Spring Boot ::                (v3.2.0)

2026-02-05T08:42:50.528+08:00  INFO 24081 --- [quant-making-system] [           main] c.quant.making.audit.AuditServiceTest    : Starting AuditServiceTest using Java 25.0.2 with PID 24081 (started by mubinlai in /Users/mubinlai/github/quant-making-system)
2026-02-05T08:42:50.528+08:00  INFO 24081 --- [quant-making-system] [           main] c.quant.making.audit.AuditServiceTest    : No active profile set, falling back to 1 default profile: "default"
2026-02-05T08:42:50.578+08:00  INFO 24081 --- [quant-making-system] [           main] .s.d.r.c.RepositoryConfigurationDelegate : Bootstrapping Spring Data JPA repositories in DEFAULT mode.
2026-02-05T08:42:50.582+08:00  INFO 24081 --- [quant-making-system] [           main] .s.d.r.c.RepositoryConfigurationDelegate : Finished Spring Data repository scanning in 3 ms. Found 2 JPA repository interfaces.
2026-02-05T08:42:50.675+08:00  INFO 24081 --- [quant-making-system] [           main] o.hibernate.jpa.internal.util.LogHelper  : HHH000204: Processing PersistenceUnitInfo [name: default]
2026-02-05T08:42:50.691+08:00  INFO 24081 --- [quant-making-system] [           main] org.hibernate.Version                    : HHH000412: Hibernate ORM core version 6.3.1.Final
2026-02-05T08:42:50.701+08:00  INFO 24081 --- [quant-making-system] [           main] o.h.c.internal.RegionFactoryInitiator    : HHH000026: Second-level cache disabled
2026-02-05T08:42:50.730+08:00  INFO 24081 --- [quant-making-system] [           main] o.s.o.j.p.SpringPersistenceUnitInfo      : No LoadTimeWeaver setup: ignoring JPA class transformer
2026-02-05T08:42:50.737+08:00  INFO 24081 --- [quant-making-system] [           main] com.zaxxer.hikari.HikariDataSource       : HikariPool-1 - Starting...
2026-02-05T08:42:50.799+08:00  INFO 24081 --- [quant-making-system] [           main] com.zaxxer.hikari.pool.HikariPool        : HikariPool-1 - Added connection conn0: url=jdbc:h2:mem:testdb user=SA
2026-02-05T08:42:50.799+08:00  INFO 24081 --- [quant-making-system] [           main] com.zaxxer.hikari.HikariDataSource       : HikariPool-1 - Start completed.
2026-02-05T08:42:50.806+08:00  WARN 24081 --- [quant-making-system] [           main] org.hibernate.orm.deprecation            : HHH90000025: H2Dialect does not need to be specified explicitly using 'hibernate.dialect' (remove the property setting and it will be selected by default)
2026-02-05T08:42:51.019+08:00  INFO 24081 --- [quant-making-system] [           main] o.h.e.t.j.p.i.JtaPlatformInitiator       : HHH000489: No JTA platform available (set 'hibernate.transaction.jta.platform' to enable JTA platform integration)
2026-02-05T08:42:51.023+08:00 DEBUG 24081 --- [quant-making-system] [           main] org.hibernate.SQL                        : 
    drop table if exists audit_event cascade 
2026-02-05T08:42:51.024+08:00 DEBUG 24081 --- [quant-making-system] [           main] org.hibernate.SQL                        : 
    drop table if exists order_book_entry cascade 
2026-02-05T08:42:51.026+08:00 DEBUG 24081 --- [quant-making-system] [           main] org.hibernate.SQL                        : 
    create table audit_event (
        id bigint generated by default as identity,
        timestamp timestamp(6) not null,
        details TEXT,
        event_id varchar(255) not null unique,
        event_type varchar(255) not null check (event_type in ('ORDER_CREATED','ORDER_UPDATED','ORDER_CANCELLED','ORDER_FILLED','QUOTE_GENERATED','QUOTE_CANCELLED','QUOTE_EXPIRED','TRADE_EXECUTED','RISK_CHECK_PASSED','RISK_CHECK_BLOCKED','POSITION_UPDATED','BALANCE_CHANGED','SYSTEM_SNAPSHOT','CONFIGURATION_CHANGED','ERROR_OCCURRED','WARNING_ISSUED')),
        order_id varchar(255),
        quote_id varchar(255),
        risk_check_result varchar(255),
        symbol varchar(255),
        trade_id varchar(255),
        primary key (id)
    )
2026-02-05T08:42:51.031+08:00 DEBUG 24081 --- [quant-making-system] [           main] org.hibernate.SQL                        : 
    create table order_book_entry (
        market_type integer not null,
        price numeric(18,8) not null,
        price_level integer not null,
        quantity numeric(18,8) not null,
        side integer not null,
        id bigint generated by default as identity,
        snapshot_time timestamp(6) not null,
        source varchar(32) not null,
        symbol varchar(32) not null,
        primary key (id)
    )
2026-02-05T08:42:51.032+08:00  INFO 24081 --- [quant-making-system] [           main] j.LocalContainerEntityManagerFactoryBean : Initialized JPA EntityManagerFactory for persistence unit 'default'
2026-02-05T08:42:51.133+08:00  INFO 24081 --- [quant-making-system] [           main] o.s.d.j.r.query.QueryEnhancerFactory     : Hibernate is in classpath; If applicable, HQL parser will be used.
2026-02-05T08:42:51.375+08:00 DEBUG 24081 --- [quant-making-system] [           main] org.hibernate.SQL                        : 
    insert 
    into
        audit_event
        (details, event_id, event_type, order_id, quote_id, risk_check_result, symbol, timestamp, trade_id, id) 
    values
        (?, ?, ?, ?, ?, ?, ?, ?, ?, default)
2026-02-05T08:42:51.431+08:00  WARN 24081 --- [quant-making-system] [           main] JpaBaseConfiguration$JpaWebConfiguration : spring.jpa.open-in-view is enabled by default. Therefore, database queries may be performed during view rendering. Explicitly configure spring.jpa.open-in-view to disable this warning
2026-02-05T08:42:51.555+08:00  INFO 24081 --- [quant-making-system] [           main] c.quant.making.audit.AuditServiceTest    : Started AuditServiceTest in 1.039 seconds (process running for 2.679)
2026-02-05T08:42:51.557+08:00 DEBUG 24081 --- [quant-making-system] [   scheduling-3] org.hibernate.SQL                        : 
    insert 
    into
        audit_event
        (details, event_id, event_type, order_id, quote_id, risk_check_result, symbol, timestamp, trade_id, id) 
    values
        (?, ?, ?, ?, ?, ?, ?, ?, ?, default)
2026-02-05T08:42:51.558+08:00 DEBUG 24081 --- [quant-making-system] [   scheduling-3] org.hibernate.SQL                        : 
    insert 
    into
        audit_event
        (details, event_id, event_type, order_id, quote_id, risk_check_result, symbol, timestamp, trade_id, id) 
    values
        (?, ?, ?, ?, ?, ?, ?, ?, ?, default)
2026-02-05T08:42:51.559+08:00 DEBUG 24081 --- [quant-making-system] [   scheduling-3] org.hibernate.SQL                        : 
    insert 
    into
        audit_event
        (details, event_id, event_type, order_id, quote_id, risk_check_result, symbol, timestamp, trade_id, id) 
    values
        (?, ?, ?, ?, ?, ?, ?, ?, ?, default)
2026-02-05T08:42:51.559+08:00 DEBUG 24081 --- [quant-making-system] [   scheduling-3] org.hibernate.SQL                        : 
    insert 
    into
        audit_event
        (details, event_id, event_type, order_id, quote_id, risk_check_result, symbol, timestamp, trade_id, id) 
    values
        (?, ?, ?, ?, ?, ?, ?, ?, ?, default)
2026-02-05T08:42:51.564+08:00 DEBUG 24081 --- [quant-making-system] [           main] org.hibernate.SQL                        : 
    insert 
    into
        audit_event
        (details, event_id, event_type, order_id, quote_id, risk_check_result, symbol, timestamp, trade_id, id) 
    values
        (?, ?, ?, ?, ?, ?, ?, ?, ?, default)
]]></system-out>
  </testcase>
  <testcase name="testQueryEventsByTimeRangeAndSymbol" classname="com.quant.making.audit.AuditServiceTest" time="0.03">
    <system-out><![CDATA[2026-02-05T08:42:51.569+08:00 DEBUG 24081 --- [quant-making-system] [           main] org.hibernate.SQL                        : 
    insert 
    into
        audit_event
        (details, event_id, event_type, order_id, quote_id, risk_check_result, symbol, timestamp, trade_id, id) 
    values
        (?, ?, ?, ?, ?, ?, ?, ?, ?, default)
2026-02-05T08:42:51.569+08:00 DEBUG 24081 --- [quant-making-system] [           main] org.hibernate.SQL                        : 
    insert 
    into
        audit_event
        (details, event_id, event_type, order_id, quote_id, risk_check_result, symbol, timestamp, trade_id, id) 
    values
        (?, ?, ?, ?, ?, ?, ?, ?, ?, default)
2026-02-05T08:42:51.570+08:00 DEBUG 24081 --- [quant-making-system] [           main] org.hibernate.SQL                        : 
    insert 
    into
        audit_event
        (details, event_id, event_type, order_id, quote_id, risk_check_result, symbol, timestamp, trade_id, id) 
    values
        (?, ?, ?, ?, ?, ?, ?, ?, ?, default)
2026-02-05T08:42:51.594+08:00 DEBUG 24081 --- [quant-making-system] [           main] org.hibernate.SQL                        : 
    select
        ae1_0.id,
        ae1_0.details,
        ae1_0.event_id,
        ae1_0.event_type,
        ae1_0.order_id,
        ae1_0.quote_id,
        ae1_0.risk_check_result,
        ae1_0.symbol,
        ae1_0.timestamp,
        ae1_0.trade_id 
    from
        audit_event ae1_0 
    where
        ae1_0.timestamp between ? and ? 
        and ae1_0.symbol=? 
    offset
        ? rows 
    fetch
        first ? rows only
]]></system-out>
  </testcase>
  <testcase name="testQueryEventsByEventTypeAndSymbol" classname="com.quant.making.audit.AuditServiceTest" time="0.004">
    <system-out><![CDATA[2026-02-05T08:42:51.599+08:00 DEBUG 24081 --- [quant-making-system] [           main] org.hibernate.SQL                        : 
    insert 
    into
        audit_event
        (details, event_id, event_type, order_id, quote_id, risk_check_result, symbol, timestamp, trade_id, id) 
    values
        (?, ?, ?, ?, ?, ?, ?, ?, ?, default)
2026-02-05T08:42:51.599+08:00 DEBUG 24081 --- [quant-making-system] [           main] org.hibernate.SQL                        : 
    insert 
    into
        audit_event
        (details, event_id, event_type, order_id, quote_id, risk_check_result, symbol, timestamp, trade_id, id) 
    values
        (?, ?, ?, ?, ?, ?, ?, ?, ?, default)
2026-02-05T08:42:51.600+08:00 DEBUG 24081 --- [quant-making-system] [           main] org.hibernate.SQL                        : 
    insert 
    into
        audit_event
        (details, event_id, event_type, order_id, quote_id, risk_check_result, symbol, timestamp, trade_id, id) 
    values
        (?, ?, ?, ?, ?, ?, ?, ?, ?, default)
2026-02-05T08:42:51.600+08:00 DEBUG 24081 --- [quant-making-system] [           main] org.hibernate.SQL                        : 
    insert 
    into
        audit_event
        (details, event_id, event_type, order_id, quote_id, risk_check_result, symbol, timestamp, trade_id, id) 
    values
        (?, ?, ?, ?, ?, ?, ?, ?, ?, default)
2026-02-05T08:42:51.601+08:00 DEBUG 24081 --- [quant-making-system] [           main] org.hibernate.SQL                        : 
    select
        ae1_0.id,
        ae1_0.details,
        ae1_0.event_id,
        ae1_0.event_type,
        ae1_0.order_id,
        ae1_0.quote_id,
        ae1_0.risk_check_result,
        ae1_0.symbol,
        ae1_0.timestamp,
        ae1_0.trade_id 
    from
        audit_event ae1_0 
    where
        ae1_0.event_type=? 
        and ae1_0.symbol=? 
    offset
        ? rows 
    fetch
        first ? rows only
]]></system-out>
  </testcase>
  <testcase name="testLogEventWithAllParams" classname="com.quant.making.audit.AuditServiceTest" time="0.002">
    <system-out><![CDATA[2026-02-05T08:42:51.604+08:00 DEBUG 24081 --- [quant-making-system] [           main] org.hibernate.SQL                        : 
    insert 
    into
        audit_event
        (details, event_id, event_type, order_id, quote_id, risk_check_result, symbol, timestamp, trade_id, id) 
    values
        (?, ?, ?, ?, ?, ?, ?, ?, ?, default)
]]></system-out>
  </testcase>
  <testcase name="testQueryEventsByTimeRange" classname="com.quant.making.audit.AuditServiceTest" time="0.005">
    <system-out><![CDATA[2026-02-05T08:42:51.606+08:00 DEBUG 24081 --- [quant-making-system] [           main] org.hibernate.SQL                        : 
    insert 
    into
        audit_event
        (details, event_id, event_type, order_id, quote_id, risk_check_result, symbol, timestamp, trade_id, id) 
    values
        (?, ?, ?, ?, ?, ?, ?, ?, ?, default)
2026-02-05T08:42:51.607+08:00 DEBUG 24081 --- [quant-making-system] [           main] org.hibernate.SQL                        : 
    insert 
    into
        audit_event
        (details, event_id, event_type, order_id, quote_id, risk_check_result, symbol, timestamp, trade_id, id) 
    values
        (?, ?, ?, ?, ?, ?, ?, ?, ?, default)
2026-02-05T08:42:51.608+08:00 DEBUG 24081 --- [quant-making-system] [           main] org.hibernate.SQL                        : 
    select
        ae1_0.id,
        ae1_0.details,
        ae1_0.event_id,
        ae1_0.event_type,
        ae1_0.order_id,
        ae1_0.quote_id,
        ae1_0.risk_check_result,
        ae1_0.symbol,
        ae1_0.timestamp,
        ae1_0.trade_id 
    from
        audit_event ae1_0 
    where
        ae1_0.timestamp between ? and ? 
    offset
        ? rows 
    fetch
        first ? rows only
]]></system-out>
  </testcase>
  <testcase name="testQueryEventsByEventType" classname="com.quant.making.audit.AuditServiceTest" time="0.004">
    <system-out><![CDATA[2026-02-05T08:42:51.611+08:00 DEBUG 24081 --- [quant-making-system] [           main] org.hibernate.SQL                        : 
    insert 
    into
        audit_event
        (details, event_id, event_type, order_id, quote_id, risk_check_result, symbol, timestamp, trade_id, id) 
    values
        (?, ?, ?, ?, ?, ?, ?, ?, ?, default)
2026-02-05T08:42:51.612+08:00 DEBUG 24081 --- [quant-making-system] [           main] org.hibernate.SQL                        : 
    insert 
    into
        audit_event
        (details, event_id, event_type, order_id, quote_id, risk_check_result, symbol, timestamp, trade_id, id) 
    values
        (?, ?, ?, ?, ?, ?, ?, ?, ?, default)
2026-02-05T08:42:51.612+08:00 DEBUG 24081 --- [quant-making-system] [           main] org.hibernate.SQL                        : 
    insert 
    into
        audit_event
        (details, event_id, event_type, order_id, quote_id, risk_check_result, symbol, timestamp, trade_id, id) 
    values
        (?, ?, ?, ?, ?, ?, ?, ?, ?, default)
2026-02-05T08:42:51.613+08:00 DEBUG 24081 --- [quant-making-system] [           main] org.hibernate.SQL                        : 
    select
        ae1_0.id,
        ae1_0.details,
        ae1_0.event_id,
        ae1_0.event_type,
        ae1_0.order_id,
        ae1_0.quote_id,
        ae1_0.risk_check_result,
        ae1_0.symbol,
        ae1_0.timestamp,
        ae1_0.trade_id 
    from
        audit_event ae1_0 
    where
        ae1_0.event_type=? 
    offset
        ? rows 
    fetch
        first ? rows only
]]></system-out>
  </testcase>
  <testcase name="testQueryEventsByTimeRangeAndEventType" classname="com.quant.making.audit.AuditServiceTest" time="0.004">
    <system-out><![CDATA[2026-02-05T08:42:51.615+08:00 DEBUG 24081 --- [quant-making-system] [           main] org.hibernate.SQL                        : 
    insert 
    into
        audit_event
        (details, event_id, event_type, order_id, quote_id, risk_check_result, symbol, timestamp, trade_id, id) 
    values
        (?, ?, ?, ?, ?, ?, ?, ?, ?, default)
2026-02-05T08:42:51.615+08:00 DEBUG 24081 --- [quant-making-system] [           main] org.hibernate.SQL                        : 
    insert 
    into
        audit_event
        (details, event_id, event_type, order_id, quote_id, risk_check_result, symbol, timestamp, trade_id, id) 
    values
        (?, ?, ?, ?, ?, ?, ?, ?, ?, default)
2026-02-05T08:42:51.615+08:00 DEBUG 24081 --- [quant-making-system] [           main] org.hibernate.SQL                        : 
    insert 
    into
        audit_event
        (details, event_id, event_type, order_id, quote_id, risk_check_result, symbol, timestamp, trade_id, id) 
    values
        (?, ?, ?, ?, ?, ?, ?, ?, ?, default)
2026-02-05T08:42:51.617+08:00 DEBUG 24081 --- [quant-making-system] [           main] org.hibernate.SQL                        : 
    select
        ae1_0.id,
        ae1_0.details,
        ae1_0.event_id,
        ae1_0.event_type,
        ae1_0.order_id,
        ae1_0.quote_id,
        ae1_0.risk_check_result,
        ae1_0.symbol,
        ae1_0.timestamp,
        ae1_0.trade_id 
    from
        audit_event ae1_0 
    where
        ae1_0.timestamp between ? and ? 
        and ae1_0.event_type=? 
    offset
        ? rows 
    fetch
        first ? rows only
]]></system-out>
  </testcase>
  <testcase name="testLogEventWithDetails" classname="com.quant.making.audit.AuditServiceTest" time="0.002">
    <system-out><![CDATA[2026-02-05T08:42:51.619+08:00 DEBUG 24081 --- [quant-making-system] [           main] org.hibernate.SQL                        : 
    insert 
    into
        audit_event
        (details, event_id, event_type, order_id, quote_id, risk_check_result, symbol, timestamp, trade_id, id) 
    values
        (?, ?, ?, ?, ?, ?, ?, ?, ?, default)
]]></system-out>
  </testcase>
  <testcase name="testLogEventWithSymbol" classname="com.quant.making.audit.AuditServiceTest" time="0.001">
    <system-out><![CDATA[2026-02-05T08:42:51.620+08:00 DEBUG 24081 --- [quant-making-system] [           main] org.hibernate.SQL                        : 
    insert 
    into
        audit_event
        (details, event_id, event_type, order_id, quote_id, risk_check_result, symbol, timestamp, trade_id, id) 
    values
        (?, ?, ?, ?, ?, ?, ?, ?, ?, default)
]]></system-out>
  </testcase>
  <testcase name="testQueryEventsBySymbol" classname="com.quant.making.audit.AuditServiceTest" time="0.003">
    <system-out><![CDATA[2026-02-05T08:42:51.622+08:00 DEBUG 24081 --- [quant-making-system] [           main] org.hibernate.SQL                        : 
    insert 
    into
        audit_event
        (details, event_id, event_type, order_id, quote_id, risk_check_result, symbol, timestamp, trade_id, id) 
    values
        (?, ?, ?, ?, ?, ?, ?, ?, ?, default)
2026-02-05T08:42:51.622+08:00 DEBUG 24081 --- [quant-making-system] [           main] org.hibernate.SQL                        : 
    insert 
    into
        audit_event
        (details, event_id, event_type, order_id, quote_id, risk_check_result, symbol, timestamp, trade_id, id) 
    values
        (?, ?, ?, ?, ?, ?, ?, ?, ?, default)
2026-02-05T08:42:51.622+08:00 DEBUG 24081 --- [quant-making-system] [           main] org.hibernate.SQL                        : 
    insert 
    into
        audit_event
        (details, event_id, event_type, order_id, quote_id, risk_check_result, symbol, timestamp, trade_id, id) 
    values
        (?, ?, ?, ?, ?, ?, ?, ?, ?, default)
2026-02-05T08:42:51.623+08:00 DEBUG 24081 --- [quant-making-system] [           main] org.hibernate.SQL                        : 
    select
        ae1_0.id,
        ae1_0.details,
        ae1_0.event_id,
        ae1_0.event_type,
        ae1_0.order_id,
        ae1_0.quote_id,
        ae1_0.risk_check_result,
        ae1_0.symbol,
        ae1_0.timestamp,
        ae1_0.trade_id 
    from
        audit_event ae1_0 
    where
        ae1_0.symbol=? 
    offset
        ? rows 
    fetch
        first ? rows only
]]></system-out>
  </testcase>
</testsuite>